<?xml version="1.0" encoding="UTF-8"?>
<testsuite name="model.impl.JavaGachiStatisticsImplTest" tests="1" skipped="0" failures="0" errors="0" timestamp="2022-01-06T06:43:17" hostname="DESKTOP-JIP7F1G" time="0.001">
  <properties/>
  <testcase name="instantiationTest()" classname="model.impl.JavaGachiStatisticsImplTest" time="0.001"/>
  <system-out><![CDATA[0
0
]]></system-out>
  <system-err><![CDATA[]]></system-err>
</testsuite>
