<?xml version="1.0" encoding="UTF-8"?>
<testsuite name="controller.impl.JavaGachiMainScreenControllerTest" tests="6" skipped="0" failures="0" errors="0" timestamp="2022-01-06T05:25:47" hostname="DESKTOP-JIP7F1G" time="0.003">
  <properties/>
  <testcase name="getView()" classname="controller.impl.JavaGachiMainScreenControllerTest" time="0.0"/>
  <testcase name="bind()" classname="controller.impl.JavaGachiMainScreenControllerTest" time="0.0"/>
  <testcase name="setJavaGachiAttributeByName()" classname="controller.impl.JavaGachiMainScreenControllerTest" time="0.001"/>
  <testcase name="setJavaGachiEmotion()" classname="controller.impl.JavaGachiMainScreenControllerTest" time="0.0"/>
  <testcase name="initialize()" classname="controller.impl.JavaGachiMainScreenControllerTest" time="0.0"/>
  <testcase name="getModel()" classname="controller.impl.JavaGachiMainScreenControllerTest" time="0.0"/>
  <system-out><![CDATA[]]></system-out>
  <system-err><![CDATA[]]></system-err>
</testsuite>
