<?xml version="1.0" encoding="UTF-8"?>
<testsuite name="encryption.impl.EncryptionToolTest" tests="7" skipped="0" failures="0" errors="0" timestamp="2022-01-06T06:43:17" hostname="DESKTOP-JIP7F1G" time="0.006">
  <properties/>
  <testcase name="testEncrypt()" classname="encryption.impl.EncryptionToolTest" time="0.0"/>
  <testcase name="encrypt()" classname="encryption.impl.EncryptionToolTest" time="0.002"/>
  <testcase name="isFraudulent()" classname="encryption.impl.EncryptionToolTest" time="0.0"/>
  <testcase name="antiCheatDecrypt()" classname="encryption.impl.EncryptionToolTest" time="0.0"/>
  <testcase name="testDecrypt()" classname="encryption.impl.EncryptionToolTest" time="0.0"/>
  <testcase name="decrypt()" classname="encryption.impl.EncryptionToolTest" time="0.001"/>
  <testcase name="antiCheatEncrypt()" classname="encryption.impl.EncryptionToolTest" time="0.0"/>
  <system-out><![CDATA[V{ngt
S NEXT LINE
X}piv17:4169916991699169916991699/V{ngt/582/477/477/477/477/477/477
X}piv-7:4-699-699-699-699-699-699-V{ngt-582-477-477-477-477-477-477
Tyler--360--255--255--255--255--255--255
X}piv-7:4-699-699-699-699-699-699-V{ngt-582-477-477-477-477-477-477
X}piv117:4116991169911699116991169911699
V{ngt//582//477//477//477//477//477//477
V{ngt//582//477//477//477//477//477//477
V{ngt/582/477/477/477/477/477/477-Tyler-360-255-255-255-255-255-255
HiqsKeglm-684-95-95-699-699-546-546-FgoqIcejk-462-73-73-477-477-324-324
DemoGachi--240--51--51--255--255--102--102
HiqsKeglm-684-95-95-699-699-546-546-FgoqIcejk-462-73-73-477-477-324-324
HiqsKeglm116841195119511699116991154611546
FgoqIcejk//462//73//73//477//477//324//324
FgoqIcejk//462//73//73//477//477//324//324
FgoqIcejk/462/73/73/477/477/324/324-DemoGachi-240-51-51-255-255-102-102
Tyler
X}piv117:4116991169911699116991169911699/V{ngt//582//477//477//477//477//477//477
]]></system-out>
  <system-err><![CDATA[]]></system-err>
</testsuite>
